
*** Running vivado
    with args -log lab4.vdi -applog -m64 -product Vivado -messageDb vivado.pb -mode batch -source lab4.tcl -notrace


****** Vivado v2019.2 (64-bit)
  **** SW Build 2708876 on Wed Nov  6 21:40:23 MST 2019
  **** IP Build 2700528 on Thu Nov  7 00:09:20 MST 2019
    ** Copyright 1986-2019 Xilinx, Inc. All Rights Reserved.

source lab4.tcl -notrace
Command: link_design -top lab4 -part xc7a100tcsg324-1
Design is defaulting to srcset: sources_1
Design is defaulting to constrset: constrs_1
INFO: [Device 21-403] Loading part xc7a100tcsg324-1
Netlist sorting complete. Time (s): cpu = 00:00:00 ; elapsed = 00:00:00 . Memory (MB): peak = 620.387 ; gain = 0.000
INFO: [Project 1-479] Netlist was created with Vivado 2019.2
INFO: [Project 1-570] Preparing netlist for logic optimization
Parsing XDC File [C:/Users/Sajid/lab4/lab4.srcs/constrs_1/new/constrants.xdc]
WARNING: [Vivado 12-584] No ports matched 'a0'. [C:/Users/Sajid/lab4/lab4.srcs/constrs_1/new/constrants.xdc:1]
CRITICAL WARNING: [Common 17-55] 'set_property' expects at least one object. [C:/Users/Sajid/lab4/lab4.srcs/constrs_1/new/constrants.xdc:1]
Resolution: If [get_<value>] was used to populate the object, check to make sure this command returns at least one valid object.
WARNING: [Vivado 12-584] No ports matched 'a1'. [C:/Users/Sajid/lab4/lab4.srcs/constrs_1/new/constrants.xdc:2]
CRITICAL WARNING: [Common 17-55] 'set_property' expects at least one object. [C:/Users/Sajid/lab4/lab4.srcs/constrs_1/new/constrants.xdc:2]
Resolution: If [get_<value>] was used to populate the object, check to make sure this command returns at least one valid object.
WARNING: [Vivado 12-584] No ports matched 'b0'. [C:/Users/Sajid/lab4/lab4.srcs/constrs_1/new/constrants.xdc:3]
CRITICAL WARNING: [Common 17-55] 'set_property' expects at least one object. [C:/Users/Sajid/lab4/lab4.srcs/constrs_1/new/constrants.xdc:3]
Resolution: If [get_<value>] was used to populate the object, check to make sure this command returns at least one valid object.
WARNING: [Vivado 12-584] No ports matched 'b1'. [C:/Users/Sajid/lab4/lab4.srcs/constrs_1/new/constrants.xdc:4]
CRITICAL WARNING: [Common 17-55] 'set_property' expects at least one object. [C:/Users/Sajid/lab4/lab4.srcs/constrs_1/new/constrants.xdc:4]
Resolution: If [get_<value>] was used to populate the object, check to make sure this command returns at least one valid object.
Finished Parsing XDC File [C:/Users/Sajid/lab4/lab4.srcs/constrs_1/new/constrants.xdc]
INFO: [Opt 31-138] Pushed 0 inverter(s) to 0 load pin(s).
Netlist sorting complete. Time (s): cpu = 00:00:00 ; elapsed = 00:00:00 . Memory (MB): peak = 729.969 ; gain = 0.000
INFO: [Project 1-111] Unisim Transformation Summary:
No Unisim elements were transformed.

5 Infos, 4 Warnings, 4 Critical Warnings and 0 Errors encountered.
link_design completed successfully
link_design: Time (s): cpu = 00:00:09 ; elapsed = 00:00:11 . Memory (MB): peak = 733.965 ; gain = 423.012
Command: opt_design
Attempting to get a license for feature 'Implementation' and/or device 'xc7a100t'
INFO: [Common 17-349] Got license for feature 'Implementation' and/or device 'xc7a100t'
Running DRC as a precondition to command opt_design

Starting DRC Task
INFO: [DRC 23-27] Running DRC with 2 threads
INFO: [Project 1-461] DRC finished with 0 Errors
INFO: [Project 1-462] Please refer to the DRC report (report_drc) for more information.

Time (s): cpu = 00:00:00 ; elapsed = 00:00:00.385 . Memory (MB): peak = 733.965 ; gain = 0.000

Starting Cache Timing Information Task
INFO: [Timing 38-35] Done setting XDC timing constraints.
Ending Cache Timing Information Task | Checksum: 119961aa8

Time (s): cpu = 00:00:14 ; elapsed = 00:00:15 . Memory (MB): peak = 1243.074 ; gain = 509.109

Starting Logic Optimization Task

Phase 1 Retarget
INFO: [Opt 31-138] Pushed 0 inverter(s) to 0 load pin(s).
INFO: [Opt 31-49] Retargeted 0 cell(s).
Phase 1 Retarget | Checksum: 119961aa8

Time (s): cpu = 00:00:00 ; elapsed = 00:00:00.058 . Memory (MB): peak = 1433.691 ; gain = 0.000
INFO: [Opt 31-389] Phase Retarget created 0 cells and removed 0 cells

Phase 2 Constant propagation
INFO: [Opt 31-138] Pushed 0 inverter(s) to 0 load pin(s).
Phase 2 Constant propagation | Checksum: 119961aa8

Time (s): cpu = 00:00:00 ; elapsed = 00:00:00.064 . Memory (MB): peak = 1433.691 ; gain = 0.000
INFO: [Opt 31-389] Phase Constant propagation created 0 cells and removed 0 cells

Phase 3 Sweep
Phase 3 Sweep | Checksum: 119961aa8

Time (s): cpu = 00:00:00 ; elapsed = 00:00:00.082 . Memory (MB): peak = 1433.691 ; gain = 0.000
INFO: [Opt 31-389] Phase Sweep created 0 cells and removed 0 cells

Phase 4 BUFG optimization
INFO: [Opt 31-1112] Starts optimizing BUFG(s) with a common MMCM/DPLL/XPLL driver.
INFO: [Opt 31-1112] Starts optimizing BUFG(s) with a common driver.
INFO: [Opt 31-1092] Phase BUFG optimization transformed 0 BUFG(s) to MBUFG(s).
Phase 4 BUFG optimization | Checksum: 119961aa8

Time (s): cpu = 00:00:00 ; elapsed = 00:00:00.098 . Memory (MB): peak = 1433.691 ; gain = 0.000
INFO: [Opt 31-662] Phase BUFG optimization created 0 cells of which 0 are BUFGs and removed 0 cells.

Phase 5 Shift Register Optimization
INFO: [Opt 31-1064] SRL Remap converted 0 SRLs to 0 registers and converted 0 registers of register chains to 0 SRLs
Phase 5 Shift Register Optimization | Checksum: 119961aa8

Time (s): cpu = 00:00:00 ; elapsed = 00:00:00.105 . Memory (MB): peak = 1433.691 ; gain = 0.000
INFO: [Opt 31-389] Phase Shift Register Optimization created 0 cells and removed 0 cells

Phase 6 Post Processing Netlist
Phase 6 Post Processing Netlist | Checksum: 119961aa8

Time (s): cpu = 00:00:00 ; elapsed = 00:00:00.112 . Memory (MB): peak = 1433.691 ; gain = 0.000
INFO: [Opt 31-389] Phase Post Processing Netlist created 0 cells and removed 0 cells
Opt_design Change Summary
=========================


-------------------------------------------------------------------------------------------------------------------------
|  Phase                        |  #Cells created  |  #Cells Removed  |  #Constrained objects preventing optimizations  |
-------------------------------------------------------------------------------------------------------------------------
|  Retarget                     |               0  |               0  |                                              0  |
|  Constant propagation         |               0  |               0  |                                              0  |
|  Sweep                        |               0  |               0  |                                              0  |
|  BUFG optimization            |               0  |               0  |                                              0  |
|  Shift Register Optimization  |               0  |               0  |                                              0  |
|  Post Processing Netlist      |               0  |               0  |                                              0  |
-------------------------------------------------------------------------------------------------------------------------



Starting Connectivity Check Task

Time (s): cpu = 00:00:00 ; elapsed = 00:00:00.001 . Memory (MB): peak = 1433.691 ; gain = 0.000
Ending Logic Optimization Task | Checksum: 119961aa8

Time (s): cpu = 00:00:00 ; elapsed = 00:00:00.118 . Memory (MB): peak = 1433.691 ; gain = 0.000

Starting Power Optimization Task
INFO: [Pwropt 34-132] Skipping clock gating for clocks with a period < 2.00 ns.
Ending Power Optimization Task | Checksum: 119961aa8

Time (s): cpu = 00:00:00 ; elapsed = 00:00:00.083 . Memory (MB): peak = 1433.691 ; gain = 0.000

Starting Final Cleanup Task
Ending Final Cleanup Task | Checksum: 119961aa8

Time (s): cpu = 00:00:00 ; elapsed = 00:00:00 . Memory (MB): peak = 1433.691 ; gain = 0.000

Starting Netlist Obfuscation Task
Netlist sorting complete. Time (s): cpu = 00:00:00 ; elapsed = 00:00:00 . Memory (MB): peak = 1433.691 ; gain = 0.000
Ending Netlist Obfuscation Task | Checksum: 119961aa8

Time (s): cpu = 00:00:00 ; elapsed = 00:00:00.002 . Memory (MB): peak = 1433.691 ; gain = 0.000
INFO: [Common 17-83] Releasing license: Implementation
25 Infos, 4 Warnings, 4 Critical Warnings and 0 Errors encountered.
opt_design completed successfully
opt_design: Time (s): cpu = 00:00:17 ; elapsed = 00:00:19 . Memory (MB): peak = 1433.691 ; gain = 699.727
Netlist sorting complete. Time (s): cpu = 00:00:00 ; elapsed = 00:00:00 . Memory (MB): peak = 1433.691 ; gain = 0.000
INFO: [Timing 38-480] Writing timing data to binary archive.
Writing placer database...
Writing XDEF routing.
Writing XDEF routing logical nets.
Writing XDEF routing special nets.
Write XDEF Complete: Time (s): cpu = 00:00:00 ; elapsed = 00:00:00.078 . Memory (MB): peak = 1433.691 ; gain = 0.000
INFO: [Common 17-1381] The checkpoint 'C:/Users/Sajid/lab4/lab4.runs/impl_1/lab4_opt.dcp' has been generated.
INFO: [runtcl-4] Executing : report_drc -file lab4_drc_opted.rpt -pb lab4_drc_opted.pb -rpx lab4_drc_opted.rpx
Command: report_drc -file lab4_drc_opted.rpt -pb lab4_drc_opted.pb -rpx lab4_drc_opted.rpx
INFO: [IP_Flow 19-234] Refreshing IP repositories
INFO: [IP_Flow 19-1704] No user IP repositories specified
INFO: [IP_Flow 19-2313] Loaded Vivado IP repository 'D:/Vivado/2019.2/data/ip'.
INFO: [DRC 23-27] Running DRC with 2 threads
INFO: [Coretcl 2-168] The results of DRC are in file C:/Users/Sajid/lab4/lab4.runs/impl_1/lab4_drc_opted.rpt.
report_drc completed successfully
Command: place_design
Attempting to get a license for feature 'Implementation' and/or device 'xc7a100t'
INFO: [Common 17-349] Got license for feature 'Implementation' and/or device 'xc7a100t'
INFO: [DRC 23-27] Running DRC with 2 threads
INFO: [Vivado_Tcl 4-198] DRC finished with 0 Errors
INFO: [Vivado_Tcl 4-199] Please refer to the DRC report (report_drc) for more information.
Running DRC as a precondition to command place_design
INFO: [DRC 23-27] Running DRC with 2 threads
INFO: [Vivado_Tcl 4-198] DRC finished with 0 Errors
INFO: [Vivado_Tcl 4-199] Please refer to the DRC report (report_drc) for more information.

Starting Placer Task
INFO: [Place 30-611] Multithreading enabled for place_design using a maximum of 2 CPUs

Phase 1 Placer Initialization

Phase 1.1 Placer Initialization Netlist Sorting
Netlist sorting complete. Time (s): cpu = 00:00:00 ; elapsed = 00:00:00 . Memory (MB): peak = 1436.395 ; gain = 0.000
Phase 1.1 Placer Initialization Netlist Sorting | Checksum: 115cbc521

Time (s): cpu = 00:00:00 ; elapsed = 00:00:00.041 . Memory (MB): peak = 1436.395 ; gain = 0.000
Netlist sorting complete. Time (s): cpu = 00:00:00 ; elapsed = 00:00:00 . Memory (MB): peak = 1436.395 ; gain = 0.000

Phase 1.2 IO Placement/ Clock Placement/ Build Placer Device
INFO: [Timing 38-35] Done setting XDC timing constraints.
Phase 1.2 IO Placement/ Clock Placement/ Build Placer Device | Checksum: 63890835

Time (s): cpu = 00:00:01 ; elapsed = 00:00:01 . Memory (MB): peak = 1445.590 ; gain = 9.195

Phase 1.3 Build Placer Netlist Model
Phase 1.3 Build Placer Netlist Model | Checksum: a3abf728

Time (s): cpu = 00:00:01 ; elapsed = 00:00:01 . Memory (MB): peak = 1445.590 ; gain = 9.195

Phase 1.4 Constrain Clocks/Macros
Phase 1.4 Constrain Clocks/Macros | Checksum: a3abf728

Time (s): cpu = 00:00:01 ; elapsed = 00:00:01 . Memory (MB): peak = 1445.590 ; gain = 9.195
Phase 1 Placer Initialization | Checksum: a3abf728

Time (s): cpu = 00:00:01 ; elapsed = 00:00:01 . Memory (MB): peak = 1445.590 ; gain = 9.195

Phase 2 Global Placement

Phase 2.1 Floorplanning
Phase 2.1 Floorplanning | Checksum: a3abf728

Time (s): cpu = 00:00:01 ; elapsed = 00:00:01 . Memory (MB): peak = 1445.590 ; gain = 9.195

Phase 2.2 Global Placement Core
WARNING: [Place 46-29] place_design is not in timing mode. Skip physical synthesis in placer
Phase 2.2 Global Placement Core | Checksum: ddabacb1

Time (s): cpu = 00:00:02 ; elapsed = 00:00:02 . Memory (MB): peak = 1445.590 ; gain = 9.195
Phase 2 Global Placement | Checksum: ddabacb1

Time (s): cpu = 00:00:02 ; elapsed = 00:00:02 . Memory (MB): peak = 1445.590 ; gain = 9.195

Phase 3 Detail Placement

Phase 3.1 Commit Multi Column Macros
Phase 3.1 Commit Multi Column Macros | Checksum: ddabacb1

Time (s): cpu = 00:00:02 ; elapsed = 00:00:02 . Memory (MB): peak = 1445.590 ; gain = 9.195

Phase 3.2 Commit Most Macros & LUTRAMs
Phase 3.2 Commit Most Macros & LUTRAMs | Checksum: 1357798dd

Time (s): cpu = 00:00:02 ; elapsed = 00:00:02 . Memory (MB): peak = 1445.590 ; gain = 9.195

Phase 3.3 Area Swap Optimization
Phase 3.3 Area Swap Optimization | Checksum: 7c9338a6

Time (s): cpu = 00:00:02 ; elapsed = 00:00:02 . Memory (MB): peak = 1445.590 ; gain = 9.195

Phase 3.4 Pipeline Register Optimization
Phase 3.4 Pipeline Register Optimization | Checksum: 7c9338a6

Time (s): cpu = 00:00:02 ; elapsed = 00:00:02 . Memory (MB): peak = 1445.590 ; gain = 9.195

Phase 3.5 Small Shape Detail Placement
Phase 3.5 Small Shape Detail Placement | Checksum: 1a984d891

Time (s): cpu = 00:00:04 ; elapsed = 00:00:04 . Memory (MB): peak = 1445.590 ; gain = 9.195

Phase 3.6 Re-assign LUT pins
Phase 3.6 Re-assign LUT pins | Checksum: 1a984d891

Time (s): cpu = 00:00:04 ; elapsed = 00:00:04 . Memory (MB): peak = 1445.590 ; gain = 9.195

Phase 3.7 Pipeline Register Optimization
Phase 3.7 Pipeline Register Optimization | Checksum: 1a984d891

Time (s): cpu = 00:00:04 ; elapsed = 00:00:04 . Memory (MB): peak = 1445.590 ; gain = 9.195
Phase 3 Detail Placement | Checksum: 1a984d891

Time (s): cpu = 00:00:04 ; elapsed = 00:00:04 . Memory (MB): peak = 1445.590 ; gain = 9.195

Phase 4 Post Placement Optimization and Clean-Up

Phase 4.1 Post Commit Optimization
Phase 4.1 Post Commit Optimization | Checksum: 1a984d891

Time (s): cpu = 00:00:04 ; elapsed = 00:00:04 . Memory (MB): peak = 1445.590 ; gain = 9.195

Phase 4.2 Post Placement Cleanup
Phase 4.2 Post Placement Cleanup | Checksum: 1a984d891

Time (s): cpu = 00:00:05 ; elapsed = 00:00:04 . Memory (MB): peak = 1445.590 ; gain = 9.195

Phase 4.3 Placer Reporting
Phase 4.3 Placer Reporting | Checksum: 1a984d891

Time (s): cpu = 00:00:05 ; elapsed = 00:00:04 . Memory (MB): peak = 1445.590 ; gain = 9.195

Phase 4.4 Final Placement Cleanup
Netlist sorting complete. Time (s): cpu = 00:00:00 ; elapsed = 00:00:00 . Memory (MB): peak = 1445.590 ; gain = 0.000
Phase 4.4 Final Placement Cleanup | Checksum: 1a984d891

Time (s): cpu = 00:00:05 ; elapsed = 00:00:04 . Memory (MB): peak = 1445.590 ; gain = 9.195
Phase 4 Post Placement Optimization and Clean-Up | Checksum: 1a984d891

Time (s): cpu = 00:00:05 ; elapsed = 00:00:04 . Memory (MB): peak = 1445.590 ; gain = 9.195
Ending Placer Task | Checksum: fc16f752

Time (s): cpu = 00:00:05 ; elapsed = 00:00:04 . Memory (MB): peak = 1445.590 ; gain = 9.195
INFO: [Common 17-83] Releasing license: Implementation
43 Infos, 5 Warnings, 4 Critical Warnings and 0 Errors encountered.
place_design completed successfully
Netlist sorting complete. Time (s): cpu = 00:00:00 ; elapsed = 00:00:00 . Memory (MB): peak = 1445.590 ; gain = 0.000
INFO: [Timing 38-480] Writing timing data to binary archive.
Writing placer database...
Writing XDEF routing.
Writing XDEF routing logical nets.
Writing XDEF routing special nets.
Write XDEF Complete: Time (s): cpu = 00:00:00 ; elapsed = 00:00:00.067 . Memory (MB): peak = 1456.738 ; gain = 11.148
INFO: [Common 17-1381] The checkpoint 'C:/Users/Sajid/lab4/lab4.runs/impl_1/lab4_placed.dcp' has been generated.
INFO: [runtcl-4] Executing : report_io -file lab4_io_placed.rpt
report_io: Time (s): cpu = 00:00:00 ; elapsed = 00:00:00.071 . Memory (MB): peak = 1456.738 ; gain = 0.000
INFO: [runtcl-4] Executing : report_utilization -file lab4_utilization_placed.rpt -pb lab4_utilization_placed.pb
INFO: [runtcl-4] Executing : report_control_sets -verbose -file lab4_control_sets_placed.rpt
report_control_sets: Time (s): cpu = 00:00:00 ; elapsed = 00:00:00.004 . Memory (MB): peak = 1456.738 ; gain = 0.000
Command: phys_opt_design
Attempting to get a license for feature 'Implementation' and/or device 'xc7a100t'
INFO: [Common 17-349] Got license for feature 'Implementation' and/or device 'xc7a100t'
INFO: [Vivado_Tcl 4-235] No timing constraint found. The netlist was not modified.
INFO: [Common 17-83] Releasing license: Implementation
51 Infos, 5 Warnings, 4 Critical Warnings and 0 Errors encountered.
phys_opt_design completed successfully
Netlist sorting complete. Time (s): cpu = 00:00:00 ; elapsed = 00:00:00 . Memory (MB): peak = 1456.738 ; gain = 0.000
INFO: [Timing 38-480] Writing timing data to binary archive.
Writing placer database...
Writing XDEF routing.
Writing XDEF routing logical nets.
Writing XDEF routing special nets.
Write XDEF Complete: Time (s): cpu = 00:00:00 ; elapsed = 00:00:00.056 . Memory (MB): peak = 1468.855 ; gain = 12.117
INFO: [Common 17-1381] The checkpoint 'C:/Users/Sajid/lab4/lab4.runs/impl_1/lab4_physopt.dcp' has been generated.
Command: route_design
Attempting to get a license for feature 'Implementation' and/or device 'xc7a100t'
INFO: [Common 17-349] Got license for feature 'Implementation' and/or device 'xc7a100t'
Running DRC as a precondition to command route_design
INFO: [DRC 23-27] Running DRC with 2 threads
INFO: [Vivado_Tcl 4-198] DRC finished with 0 Errors
INFO: [Vivado_Tcl 4-199] Please refer to the DRC report (report_drc) for more information.


Starting Routing Task
INFO: [Route 35-254] Multithreading enabled for route_design using a maximum of 2 CPUs
Checksum: PlaceDB: a8bcf9f1 ConstDB: 0 ShapeSum: 5359fd61 RouteDB: 0

Phase 1 Build RT Design
Phase 1 Build RT Design | Checksum: fdd7d662

Time (s): cpu = 00:00:49 ; elapsed = 00:00:43 . Memory (MB): peak = 1598.352 ; gain = 119.395
Post Restoration Checksum: NetGraph: 16143c29 NumContArr: e7c39a39 Constraints: 0 Timing: 0

Phase 2 Router Initialization
INFO: [Route 35-64] No timing constraints were detected. The router will operate in resource-optimization mode.

Phase 2.1 Fix Topology Constraints
Phase 2.1 Fix Topology Constraints | Checksum: fdd7d662

Time (s): cpu = 00:00:49 ; elapsed = 00:00:43 . Memory (MB): peak = 1604.332 ; gain = 125.375

Phase 2.2 Pre Route Cleanup
Phase 2.2 Pre Route Cleanup | Checksum: fdd7d662

Time (s): cpu = 00:00:49 ; elapsed = 00:00:43 . Memory (MB): peak = 1604.332 ; gain = 125.375
 Number of Nodes with overlaps = 0
Phase 2 Router Initialization | Checksum: 1335a5677

Time (s): cpu = 00:00:49 ; elapsed = 00:00:43 . Memory (MB): peak = 1608.266 ; gain = 129.309

Router Utilization Summary
  Global Vertical Routing Utilization    = 0 %
  Global Horizontal Routing Utilization  = 0 %
  Routable Net Status*
  *Does not include unroutable nets such as driverless and loadless.
  Run report_route_status for detailed report.
  Number of Failed Nets               = 7
    (Failed Nets is the sum of unrouted and partially routed nets)
  Number of Unrouted Nets             = 7
  Number of Partially Routed Nets     = 0
  Number of Node Overlaps             = 0


Phase 3 Initial Routing
Phase 3 Initial Routing | Checksum: f50f8d9c

Time (s): cpu = 00:00:50 ; elapsed = 00:00:44 . Memory (MB): peak = 1611.305 ; gain = 132.348

Phase 4 Rip-up And Reroute

Phase 4.1 Global Iteration 0
 Number of Nodes with overlaps = 0
Phase 4.1 Global Iteration 0 | Checksum: 18650dddb

Time (s): cpu = 00:00:50 ; elapsed = 00:00:44 . Memory (MB): peak = 1611.305 ; gain = 132.348
Phase 4 Rip-up And Reroute | Checksum: 18650dddb

Time (s): cpu = 00:00:50 ; elapsed = 00:00:44 . Memory (MB): peak = 1611.305 ; gain = 132.348

Phase 5 Delay and Skew Optimization
Phase 5 Delay and Skew Optimization | Checksum: 18650dddb

Time (s): cpu = 00:00:50 ; elapsed = 00:00:44 . Memory (MB): peak = 1611.305 ; gain = 132.348

Phase 6 Post Hold Fix

Phase 6.1 Hold Fix Iter
Phase 6.1 Hold Fix Iter | Checksum: 18650dddb

Time (s): cpu = 00:00:50 ; elapsed = 00:00:44 . Memory (MB): peak = 1611.305 ; gain = 132.348
Phase 6 Post Hold Fix | Checksum: 18650dddb

Time (s): cpu = 00:00:50 ; elapsed = 00:00:44 . Memory (MB): peak = 1611.305 ; gain = 132.348

Phase 7 Route finalize

Router Utilization Summary
  Global Vertical Routing Utilization    = 0.00278539 %
  Global Horizontal Routing Utilization  = 0.00127877 %
  Routable Net Status*
  *Does not include unroutable nets such as driverless and loadless.
  Run report_route_status for detailed report.
  Number of Failed Nets               = 0
    (Failed Nets is the sum of unrouted and partially routed nets)
  Number of Unrouted Nets             = 0
  Number of Partially Routed Nets     = 0
  Number of Node Overlaps             = 0

Congestion Report
North Dir 1x1 Area, Max Cong = 12.6126%, No Congested Regions.
South Dir 1x1 Area, Max Cong = 0.900901%, No Congested Regions.
East Dir 1x1 Area, Max Cong = 2.94118%, No Congested Regions.
West Dir 1x1 Area, Max Cong = 2.94118%, No Congested Regions.

------------------------------
Reporting congestion hotspots
------------------------------
Direction: North
----------------
Congested clusters found at Level 0
Effective congestion level: 0 Aspect Ratio: 1 Sparse Ratio: 0
Direction: South
----------------
Congested clusters found at Level 0
Effective congestion level: 0 Aspect Ratio: 1 Sparse Ratio: 0
Direction: East
----------------
Congested clusters found at Level 0
Effective congestion level: 0 Aspect Ratio: 1 Sparse Ratio: 0
Direction: West
----------------
Congested clusters found at Level 0
Effective congestion level: 0 Aspect Ratio: 1 Sparse Ratio: 0

Phase 7 Route finalize | Checksum: 18650dddb

Time (s): cpu = 00:00:50 ; elapsed = 00:00:44 . Memory (MB): peak = 1611.305 ; gain = 132.348

Phase 8 Verifying routed nets

 Verification completed successfully
Phase 8 Verifying routed nets | Checksum: 18650dddb

Time (s): cpu = 00:00:50 ; elapsed = 00:00:44 . Memory (MB): peak = 1613.363 ; gain = 134.406

Phase 9 Depositing Routes
Phase 9 Depositing Routes | Checksum: bf8dcbdb

Time (s): cpu = 00:00:50 ; elapsed = 00:00:44 . Memory (MB): peak = 1613.363 ; gain = 134.406
INFO: [Route 35-16] Router Completed Successfully

Time (s): cpu = 00:00:50 ; elapsed = 00:00:44 . Memory (MB): peak = 1613.363 ; gain = 134.406

Routing Is Done.
INFO: [Common 17-83] Releasing license: Implementation
61 Infos, 5 Warnings, 4 Critical Warnings and 0 Errors encountered.
route_design completed successfully
route_design: Time (s): cpu = 00:00:51 ; elapsed = 00:00:44 . Memory (MB): peak = 1613.363 ; gain = 144.508
Netlist sorting complete. Time (s): cpu = 00:00:00 ; elapsed = 00:00:00 . Memory (MB): peak = 1613.363 ; gain = 0.000
INFO: [Timing 38-480] Writing timing data to binary archive.
Writing placer database...
Writing XDEF routing.
Writing XDEF routing logical nets.
Writing XDEF routing special nets.
Write XDEF Complete: Time (s): cpu = 00:00:00 ; elapsed = 00:00:00.060 . Memory (MB): peak = 1623.227 ; gain = 9.863
INFO: [Common 17-1381] The checkpoint 'C:/Users/Sajid/lab4/lab4.runs/impl_1/lab4_routed.dcp' has been generated.
INFO: [runtcl-4] Executing : report_drc -file lab4_drc_routed.rpt -pb lab4_drc_routed.pb -rpx lab4_drc_routed.rpx
Command: report_drc -file lab4_drc_routed.rpt -pb lab4_drc_routed.pb -rpx lab4_drc_routed.rpx
INFO: [IP_Flow 19-1839] IP Catalog is up to date.
INFO: [DRC 23-27] Running DRC with 2 threads
INFO: [Coretcl 2-168] The results of DRC are in file C:/Users/Sajid/lab4/lab4.runs/impl_1/lab4_drc_routed.rpt.
report_drc completed successfully
INFO: [runtcl-4] Executing : report_methodology -file lab4_methodology_drc_routed.rpt -pb lab4_methodology_drc_routed.pb -rpx lab4_methodology_drc_routed.rpx
Command: report_methodology -file lab4_methodology_drc_routed.rpt -pb lab4_methodology_drc_routed.pb -rpx lab4_methodology_drc_routed.rpx
INFO: [Timing 38-35] Done setting XDC timing constraints.
INFO: [DRC 23-133] Running Methodology with 2 threads
INFO: [Coretcl 2-1520] The results of Report Methodology are in file C:/Users/Sajid/lab4/lab4.runs/impl_1/lab4_methodology_drc_routed.rpt.
report_methodology completed successfully
INFO: [runtcl-4] Executing : report_power -file lab4_power_routed.rpt -pb lab4_power_summary_routed.pb -rpx lab4_power_routed.rpx
Command: report_power -file lab4_power_routed.rpt -pb lab4_power_summary_routed.pb -rpx lab4_power_routed.rpx
INFO: [Timing 38-35] Done setting XDC timing constraints.
WARNING: [Power 33-232] No user defined clocks were found in the design! Power estimation will be inaccurate until this is corrected.
Resolution: Please specify clocks using create_clock/create_generated_clock for sequential elements. For pure combinatorial circuits, please specify a virtual clock, otherwise the vectorless estimation might be inaccurate
Running Vector-less Activity Propagation...

Finished Running Vector-less Activity Propagation
73 Infos, 6 Warnings, 4 Critical Warnings and 0 Errors encountered.
report_power completed successfully
INFO: [runtcl-4] Executing : report_route_status -file lab4_route_status.rpt -pb lab4_route_status.pb
INFO: [runtcl-4] Executing : report_timing_summary -max_paths 10 -file lab4_timing_summary_routed.rpt -pb lab4_timing_summary_routed.pb -rpx lab4_timing_summary_routed.rpx -warn_on_violation 
INFO: [Timing 38-91] UpdateTimingParams: Speed grade: -1, Delay Type: min_max.
INFO: [Timing 38-191] Multithreading enabled for timing update using a maximum of 2 CPUs
WARNING: [Timing 38-313] There are no user specified timing constraints. Timing constraints are needed for proper timing analysis.
INFO: [runtcl-4] Executing : report_incremental_reuse -file lab4_incremental_reuse_routed.rpt
INFO: [Vivado_Tcl 4-1062] Incremental flow is disabled. No incremental reuse Info to report.
INFO: [runtcl-4] Executing : report_clock_utilization -file lab4_clock_utilization_routed.rpt
INFO: [runtcl-4] Executing : report_bus_skew -warn_on_violation -file lab4_bus_skew_routed.rpt -pb lab4_bus_skew_routed.pb -rpx lab4_bus_skew_routed.rpx
INFO: [Timing 38-91] UpdateTimingParams: Speed grade: -1, Delay Type: min_max.
INFO: [Timing 38-191] Multithreading enabled for timing update using a maximum of 2 CPUs
INFO: [Common 17-206] Exiting Vivado at Tue Feb 18 09:27:07 2025...
